<?xml version="1.0" encoding="UTF-8"?>
<testng-results ignored="0" total="3" passed="2" failed="1" skipped="0">
  <reporter-output>
    <line>
      <![CDATA[Reading data from property file, Key-urlAnd Value-https://www.facebook.com/]]>
    </line>
    <line>
      <![CDATA[Opening facebook apllication]]>
    </line>
    <line>
      <![CDATA[Waiting for complete load page, wait time-3000]]>
    </line>
    <line>
      <![CDATA[Email id field is displayed]]>
    </line>
    <line>
      <![CDATA[Reading data from property file, Key-emailAnd Value-pallavip@gmail.com]]>
    </line>
    <line>
      <![CDATA[Waiting for complete load page, wait time-5000]]>
    </line>
    <line>
      <![CDATA[Taking screenshot and stored at-C:\Users\palla\EclipseWorksapce\FacebookApp\Screenshot\validateEmailIDField-AK.png]]>
    </line>
    <line>
      <![CDATA[validateEmailIDField-tc is failed]]>
    </line>
    <line>
      <![CDATA[f-Test case successfully executed]]>
    </line>
    <line>
      <![CDATA[Password field is displayed]]>
    </line>
    <line>
      <![CDATA[Waiting for complete load page, wait time-3000]]>
    </line>
    <line>
      <![CDATA[Reading data from property file, Key-pwdAnd Value-123]]>
    </line>
    <line>
      <![CDATA[validatePasswordField-Test case successfully executed]]>
    </line>
    <line>
      <![CDATA[Waiting for complete load page, wait time-1000]]>
    </line>
    <line>
      <![CDATA[Teardown browser]]>
    </line>
  </reporter-output>
  <suite started-at="2023-08-09T15:38:38 IST" name="Default suite" finished-at="2023-08-09T15:38:53 IST" duration-ms="15011">
    <groups>
    </groups>
    <test started-at="2023-08-09T15:38:38 IST" name="Default test" finished-at="2023-08-09T15:38:53 IST" duration-ms="15011">
      <class name="test.ValidateLoginUsingProperty">
        <test-method is-config="true" signature="navigateFacebook()[pri:0, instance:test.ValidateLoginUsingProperty@76b1e9b8]" started-at="2023-08-09T15:38:38 IST" name="navigateFacebook" finished-at="2023-08-09T15:38:52 IST" duration-ms="13329" status="PASS">
          <reporter-output>
            <line>
              <![CDATA[Reading data from property file, Key-urlAnd Value-https://www.facebook.com/]]>
            </line>
            <line>
              <![CDATA[Opening facebook apllication]]>
            </line>
            <line>
              <![CDATA[Waiting for complete load page, wait time-3000]]>
            </line>
          </reporter-output>
        </test-method> <!-- navigateFacebook -->
        <test-method signature="validateEmailIDField()[pri:-1, instance:test.ValidateLoginUsingProperty@76b1e9b8]" started-at="2023-08-09T15:38:52 IST" name="validateEmailIDField" finished-at="2023-08-09T15:38:52 IST" duration-ms="502" status="FAIL">
          <exception class="java.lang.AssertionError">
            <message>
              <![CDATA[null]]>
            </message>
            <full-stacktrace>
              <![CDATA[java.lang.AssertionError: null
at org.testng.Assert.fail(Assert.java:111)
at org.testng.Assert.fail(Assert.java:116)
at test.ValidateLoginUsingProperty.validateEmailIDField(ValidateLoginUsingProperty.java:36)
at java.base/jdk.internal.reflect.NativeMethodAccessorImpl.invoke0(Native Method)
at java.base/jdk.internal.reflect.NativeMethodAccessorImpl.invoke(NativeMethodAccessorImpl.java:77)
at java.base/jdk.internal.reflect.DelegatingMethodAccessorImpl.invoke(DelegatingMethodAccessorImpl.java:43)
at java.base/java.lang.reflect.Method.invoke(Method.java:568)
at org.testng.internal.invokers.MethodInvocationHelper.invokeMethod(MethodInvocationHelper.java:139)
at org.testng.internal.invokers.TestInvoker.invokeMethod(TestInvoker.java:664)
at org.testng.internal.invokers.TestInvoker.invokeTestMethod(TestInvoker.java:227)
at org.testng.internal.invokers.MethodRunner.runInSequence(MethodRunner.java:50)
at org.testng.internal.invokers.TestInvoker$MethodInvocationAgent.invoke(TestInvoker.java:957)
at org.testng.internal.invokers.TestInvoker.invokeTestMethods(TestInvoker.java:200)
at org.testng.internal.invokers.TestMethodWorker.invokeTestMethods(TestMethodWorker.java:148)
at org.testng.internal.invokers.TestMethodWorker.run(TestMethodWorker.java:128)
at java.base/java.util.ArrayList.forEach(ArrayList.java:1511)
at org.testng.TestRunner.privateRun(TestRunner.java:848)
at org.testng.TestRunner.run(TestRunner.java:621)
at org.testng.SuiteRunner.runTest(SuiteRunner.java:443)
at org.testng.SuiteRunner.runSequentially(SuiteRunner.java:437)
at org.testng.SuiteRunner.privateRun(SuiteRunner.java:397)
at org.testng.SuiteRunner.run(SuiteRunner.java:336)
at org.testng.SuiteRunnerWorker.runSuite(SuiteRunnerWorker.java:52)
at org.testng.SuiteRunnerWorker.run(SuiteRunnerWorker.java:95)
at org.testng.TestNG.runSuitesSequentially(TestNG.java:1280)
at org.testng.TestNG.runSuitesLocally(TestNG.java:1200)
at org.testng.TestNG.runSuites(TestNG.java:1114)
at org.testng.TestNG.run(TestNG.java:1082)
at org.testng.remote.AbstractRemoteTestNG.run(AbstractRemoteTestNG.java:115)
at org.testng.remote.RemoteTestNG.initAndRun(RemoteTestNG.java:251)
at org.testng.remote.RemoteTestNG.main(RemoteTestNG.java:77)
]]>
            </full-stacktrace>
          </exception> <!-- java.lang.AssertionError -->
          <reporter-output>
            <line>
              <![CDATA[Email id field is displayed]]>
            </line>
            <line>
              <![CDATA[Reading data from property file, Key-emailAnd Value-pallavip@gmail.com]]>
            </line>
            <line>
              <![CDATA[Waiting for complete load page, wait time-5000]]>
            </line>
            <line>
              <![CDATA[Taking screenshot and stored at-C:\Users\palla\EclipseWorksapce\FacebookApp\Screenshot\validateEmailIDField-AK.png]]>
            </line>
            <line>
              <![CDATA[validateEmailIDField-tc is failed]]>
            </line>
          </reporter-output>
        </test-method> <!-- validateEmailIDField -->
        <test-method signature="f()[pri:0, instance:test.ValidateLoginUsingProperty@76b1e9b8]" started-at="2023-08-09T15:38:52 IST" name="f" finished-at="2023-08-09T15:38:52 IST" duration-ms="4" status="PASS">
          <reporter-output>
            <line>
              <![CDATA[f-Test case successfully executed]]>
            </line>
          </reporter-output>
        </test-method> <!-- f -->
        <test-method signature="validatePasswordField()[pri:0, instance:test.ValidateLoginUsingProperty@76b1e9b8]" started-at="2023-08-09T15:38:52 IST" name="validatePasswordField" finished-at="2023-08-09T15:38:53 IST" duration-ms="305" status="PASS">
          <reporter-output>
            <line>
              <![CDATA[Password field is displayed]]>
            </line>
            <line>
              <![CDATA[Waiting for complete load page, wait time-3000]]>
            </line>
            <line>
              <![CDATA[Reading data from property file, Key-pwdAnd Value-123]]>
            </line>
            <line>
              <![CDATA[validatePasswordField-Test case successfully executed]]>
            </line>
          </reporter-output>
        </test-method> <!-- validatePasswordField -->
        <test-method is-config="true" signature="tearDownBrowser()[pri:0, instance:test.ValidateLoginUsingProperty@76b1e9b8]" started-at="2023-08-09T15:38:53 IST" name="tearDownBrowser" finished-at="2023-08-09T15:38:53 IST" duration-ms="496" status="PASS">
          <reporter-output>
            <line>
              <![CDATA[Waiting for complete load page, wait time-1000]]>
            </line>
            <line>
              <![CDATA[Teardown browser]]>
            </line>
          </reporter-output>
        </test-method> <!-- tearDownBrowser -->
      </class> <!-- test.ValidateLoginUsingProperty -->
    </test> <!-- Default test -->
  </suite> <!-- Default suite -->
</testng-results>
